app/build/outputs/mapping/release/seeds.txt
com.example.tetris.AboutActivity
com.example.tetris.AboutActivity: AboutActivity()
com.example.tetris.AboutActivity: void onClick(android.view.View)
com.example.tetris.AboutAppActivity
com.example.tetris.AboutAppActivity: AboutAppActivity()
com.example.tetris.AboutAppActivity: void onClick(android.view.View)
com.example.tetris.BackgroundChoiceActivity
com.example.tetris.BackgroundChoiceActivity: BackgroundChoiceActivity()
com.example.tetris.BackgroundChoiceActivity: void onClick(android.view.View)
com.example.tetris.ChoiceActivity
com.example.tetris.ChoiceActivity: ChoiceActivity()
com.example.tetris.ChoiceActivity: void onClick(android.view.View)
com.example.tetris.ComplexityChoiceActivity
com.example.tetris.ComplexityChoiceActivity: ComplexityChoiceActivity()
com.example.tetris.ComplexityChoiceActivity: void onClick(android.view.View)
com.example.tetris.DrawBackground: android.graphics.Bitmap getBitmap()
com.example.tetris.Game: void setListenerToMain(com.example.tetris.ListenerToMain)
com.example.tetris.Game: java.lang.Integer getScore()
com.example.tetris.Game: void setNotPause(boolean)
com.example.tetris.Game: boolean getNotPause()
com.example.tetris.Game: com.example.tetris.MyFigures getFCurrent()
com.example.tetris.GameActivity
com.example.tetris.GameActivity: GameActivity()
com.example.tetris.GameActivity: void onClick(android.view.View)
com.example.tetris.GameProperties: android.os.Parcelable$Creator CREATOR
com.example.tetris.GameProperties$Complex: android.os.Parcelable$Creator CREATOR
com.example.tetris.MainActivity
com.example.tetris.MainActivity: MainActivity()
com.example.tetris.MainActivity: void onClick(android.view.View)
com.example.tetris.PrintResultsActivity
com.example.tetris.PrintResultsActivity: PrintResultsActivity()
com.example.tetris.PrintResultsActivity: void onClick(android.view.View)
com.example.tetris.R$array: int about_app_d
com.example.tetris.R$array: int about_app_sect
com.example.tetris.R$array: int about_app_t
com.example.tetris.R$array: int about_d
com.example.tetris.R$array: int about_sect
com.example.tetris.R$array: int about_t
com.example.tetris.R$array: int fig_1
com.example.tetris.R$array: int fig_2
com.example.tetris.R$array: int fig_3
com.example.tetris.R$array: int fig_pace
com.example.tetris.R$array: int numb
com.example.tetris.R$attr: int layoutManager
com.example.tetris.R$attr: int reverseLayout
com.example.tetris.R$attr: int spanCount
com.example.tetris.R$attr: int stackFromEnd
com.example.tetris.R$color: int background
com.example.tetris.R$color: int bgreen
com.example.tetris.R$color: int black
com.example.tetris.R$color: int blue
com.example.tetris.R$color: int dark_pressed
com.example.tetris.R$color: int dark_primary
com.example.tetris.R$color: int dark_secondary
com.example.tetris.R$color: int darkred
com.example.tetris.R$color: int dblue
com.example.tetris.R$color: int dfox
com.example.tetris.R$color: int dgreen
com.example.tetris.R$color: int lgreen
com.example.tetris.R$color: int red
com.example.tetris.R$color: int white
com.example.tetris.R$color: int yellow
com.example.tetris.R$dimen: int item_touch_helper_max_drag_scroll_per_frame
...
android.support.v4.app.BackStackState: android.os.Parcelable$Creator CREATOR
android.support.v4.app.Fragment$SavedState: android.os.Parcelable$Creator CREATOR
android.support.v4.app.FragmentManagerState: android.os.Parcelable$Creator CREATOR
android.support.v4.app.FragmentState: android.os.Parcelable$Creator CREATOR
android.support.v4.app.FragmentTabHost: void setOnTabChangedListener(android.widget.TabHost$OnTabChangeListener)
android.support.v4.app.FragmentTabHost$SavedState: android.os.Parcelable$Creator CREATOR
android.support.v4.content.ModernAsyncTask$Status: android.support.v4.content.ModernAsyncTask$Status[] values()
android.support.v4.content.ModernAsyncTask$Status: android.support.v4.content.ModernAsyncTask$Status valueOf(java.lang.String)
android.support.v4.media.MediaBrowserCompat$MediaItem: android.os.Parcelable$Creator CREATOR
android.support.v4.media.MediaDescriptionCompat: android.os.Parcelable$Creator CREATOR
android.support.v4.media.MediaMetadataCompat: android.os.Parcelable$Creator CREATOR
android.support.v4.media.RatingCompat: android.os.Parcelable$Creator CREATOR
android.support.v4.media.session.MediaSessionCompat$QueueItem: android.os.Parcelable$Creator CREATOR
android.support.v4.media.session.MediaSessionCompat$ResultReceiverWrapper: android.os.Parcelable$Creator CREATOR
android.support.v4.media.session.MediaSessionCompat$Token: android.os.Parcelable$Creator CREATOR
android.support.v4.media.session.ParcelableVolumeInfo: android.os.Parcelable$Creator CREATOR
android.support.v4.media.session.PlaybackStateCompat: android.os.Parcelable$Creator CREATOR
android.support.v4.media.session.PlaybackStateCompat$CustomAction: android.os.Parcelable$Creator CREATOR
android.support.v4.os.ResultReceiver: android.os.Parcelable$Creator CREATOR
android.support.v4.view.PagerTabStrip: void setTabIndicatorColor(int)
android.support.v4.view.PagerTabStrip: void setTabIndicatorColorResource(int)
android.support.v4.view.PagerTabStrip: int getTabIndicatorColor()
android.support.v4.view.PagerTabStrip: void setTextSpacing(int)
android.support.v4.view.PagerTabStrip: void setBackgroundDrawable(android.graphics.drawable.Drawable)
android.support.v4.view.PagerTabStrip: void setBackgroundColor(int)
android.support.v4.view.PagerTabStrip: void setBackgroundResource(int)
android.support.v4.view.PagerTabStrip: void setDrawFullUnderline(boolean)
android.support.v4.view.PagerTabStrip: boolean getDrawFullUnderline()
android.support.v4.view.PagerTabStrip: int getMinHeight()
android.support.v4.view.PagerTitleStrip: void setSingleLineAllCaps(android.widget.TextView)
android.support.v4.view.PagerTitleStrip: void setTextSpacing(int)
android.support.v4.view.PagerTitleStrip: int getTextSpacing()
android.support.v4.view.PagerTitleStrip: void setNonPrimaryAlpha(float)
android.support.v4.view.PagerTitleStrip: void setTextColor(int)
android.support.v4.view.PagerTitleStrip: void setGravity(int)
android.support.v4.view.PagerTitleStrip: int getMinHeight()