app/build/outputs/mapping/release/mapping.txt
com.example.tetris.AboutActivity -> com.example.tetris.AboutActivity:
    android.widget.Button buttonRules -> b
    android.widget.Button buttonApp -> c
    android.widget.Button buttonBack -> d
    android.content.Intent intent -> a
    void <init>() -> <init>
    void onCreate(android.os.Bundle) -> onCreate
    void onClick(android.view.View) -> onClick
com.example.tetris.AboutAppActivity -> com.example.tetris.AboutAppActivity:
    android.widget.Button buttonBack -> a
    android.widget.LinearLayout mainLayout -> b
    int appType -> c
    android.content.Intent intent -> d
    android.support.v7.widget.RecyclerView mRecyclerView -> e
    android.support.v7.widget.RecyclerView$Adapter mAdapter -> f
    android.support.v7.widget.RecyclerView$LayoutManager mLayoutManager -> g
    java.util.ArrayList ssText -> h
    java.util.ArrayList ssDescript -> i
    java.util.ArrayList ssSection -> j
    java.lang.String[] sText -> k
    java.lang.String[] sDescript -> l
    java.lang.String[] sSection -> m
    android.text.Spanned sblank -> n
    void <init>() -> <init>
    void onCreate(android.os.Bundle) -> onCreate
    void setRule() -> a
    void setApp() -> b
    void onClick(android.view.View) -> onClick
com.example.tetris.BackgroundChoiceActivity -> com.example.tetris.BackgroundChoiceActivity:
    java.util.ArrayList backgroundButtons -> a
    android.widget.Button buttonCancel -> b
    java.util.ArrayList ll -> c
    android.widget.LinearLayout mainLL -> d
    java.util.ArrayList ids -> e
    int id_0 -> f
    int[] resourses -> g
    int[] s_resourses -> h
    void <init>() -> <init>
    void onCreate(android.os.Bundle) -> onCreate
    void onClick(android.view.View) -> onClick
    void <clinit>() -> <clinit>
com.example.tetris.ChoiceActivity -> com.example.tetris.ChoiceActivity:
    android.widget.Button buttonStandart -> a
    android.widget.Button buttonAwry -> b
    android.widget.Button buttonHex -> c
    android.widget.Button buttonBack -> d
    android.content.Intent intent -> e
    int nextLayout -> f
    com.example.tetris.GameProperties gameProperties -> g
    void <init>() -> <init>
    void onCreate(android.os.Bundle) -> onCreate
    void onClick(android.view.View) -> onClick
com.example.tetris.ComplexityChoiceActivity -> com.example.tetris.ComplexityChoiceActivity:
    com.example.tetris.GameProperties$Complex complex -> a
    int[] colors -> b
    android.widget.LinearLayout$LayoutParams paramsForBig -> c
    android.widget.LinearLayout mainLL -> d
    android.widget.TextView titleColors -> e
    android.widget.TextView titlePace -> f
    android.widget.RadioGroup groupForNumbers -> g
    java.util.ArrayList buttonForNumbers -> h
    int[] idsForNumbers -> i
    java.util.ArrayList groupForColors -> j
    java.util.ArrayList buttonForColors -> k
    int[][] idsForColors -> l
    android.widget.RadioGroup groupForPace -> m
    java.util.ArrayList buttonForPace -> n
    int[] idsForPace -> o
    android.widget.Button buttonCancel -> p
    android.widget.Button buttonSave -> q
    int[] resources -> r
    void <init>() -> <init>
    void onCreate(android.os.Bundle) -> onCreate
    void setIdsForColors() -> a
    void setButtons(android.widget.RadioGroup,java.util.ArrayList,int[],int,java.lang.String[],int[]) -> a
    void onClick(android.view.View) -> onClick
    void <clinit>() -> <clinit>
...
android.support.v4.view.AccessibilityDelegateCompatJellyBean$AccessibilityDelegateBridgeJellyBean -> android.support.a.d.m:
    boolean dispatchPopulateAccessibilityEvent(android.view.View,android.view.accessibility.AccessibilityEvent) -> a
    void onInitializeAccessibilityEvent(android.view.View,android.view.accessibility.AccessibilityEvent) -> b
    void onInitializeAccessibilityNodeInfo(android.view.View,java.lang.Object) -> a
    void onPopulateAccessibilityEvent(android.view.View,android.view.accessibility.AccessibilityEvent) -> c
    boolean onRequestSendAccessibilityEvent(android.view.ViewGroup,android.view.View,android.view.accessibility.AccessibilityEvent) -> a
    void sendAccessibilityEvent(android.view.View,int) -> a
    void sendAccessibilityEventUnchecked(android.view.View,android.view.accessibility.AccessibilityEvent) -> d
    java.lang.Object getAccessibilityNodeProvider(android.view.View) -> a
    boolean performAccessibilityAction(android.view.View,int,android.os.Bundle) -> a
android.support.v4.view.MotionEventCompat -> android.support.a.d.n:
    android.support.v4.view.MotionEventCompat$MotionEventVersionImpl IMPL -> a
    int getActionMasked(android.view.MotionEvent) -> a
    int getActionIndex(android.view.MotionEvent) -> b
    int findPointerIndex(android.view.MotionEvent,int) -> a
    int getPointerId(android.view.MotionEvent,int) -> b
    float getX(android.view.MotionEvent,int) -> c
    float getY(android.view.MotionEvent,int) -> d
    int getSource(android.view.MotionEvent) -> c
    float getAxisValue(android.view.MotionEvent,int) -> e
    void <clinit>() -> <clinit>
android.support.v4.view.MotionEventCompat$BaseMotionEventVersionImpl -> android.support.a.d.o:
    void <init>() -> <init>
    int findPointerIndex(android.view.MotionEvent,int) -> a
    int getPointerId(android.view.MotionEvent,int) -> b
    float getX(android.view.MotionEvent,int) -> c
    float getY(android.view.MotionEvent,int) -> d
    int getSource(android.view.MotionEvent) -> a
    float getAxisValue(android.view.MotionEvent,int) -> e
android.support.v4.view.MotionEventCompat$EclairMotionEventVersionImpl -> android.support.a.d.p:
    void <init>() -> <init>
    int findPointerIndex(android.view.MotionEvent,int) -> a
    int getPointerId(android.view.MotionEvent,int) -> b
    float getX(android.view.MotionEvent,int) -> c
    float getY(android.view.MotionEvent,int) -> d
android.support.v4.view.MotionEventCompat$GingerbreadMotionEventVersionImpl -> android.support.a.d.q:
    void <init>() -> <init>
    int getSource(android.view.MotionEvent) -> a
android.support.v4.view.MotionEventCompat$HoneycombMr1MotionEventVersionImpl -> android.support.a.d.r:
    void <init>() -> <init>
    float getAxisValue(android.view.MotionEvent,int) -> e
android.support.v4.view.MotionEventCompat$MotionEventVersionImpl -> android.support.a.d.s:
    int findPointerIndex(android.view.MotionEvent,int) -> a
    int getPointerId(android.view.MotionEvent,int) -> b
    float getX(android.view.MotionEvent,int) -> c
    float getY(android.view.MotionEvent,int) -> d
    int getSource(android.view.MotionEvent) -> a
    float getAxisValue(android.view.MotionEvent,int) -> e
android.support.v4.view.NestedScrollingChild -> android.support.a.d.t:
    void stopNestedScroll() -> stopNestedScroll
android.support.v4.view.NestedScrollingChildHelper -> android.support.a.d.u:
    android.view.View mView -> a
    android.view.ViewParent mNestedScrollingParent -> b
    boolean mIsNestedScrollingEnabled -> c
    int[] mTempNestedScrollConsumed -> d
    void <init>(android.view.View) -> <init>
    boolean hasNestedScrollingParent() -> a
android.support.v4.view.NestedScrollingParent -> android.support.a.d.v:
    boolean onStartNestedScroll$244b0b32() -> a
    boolean onNestedFling$1b8dde7b() -> b
    boolean onNestedPreFling$17e2abff() -> c