app/build/outputs/mapping/release/usage.txt
com.example.tetris.BackgroundChoiceActivity:
    private static final int n
com.example.tetris.BuildConfig
com.example.tetris.Const:
    public static final int STANDART
    public static final int AWRY
    public static final int HEX
    public static final int SHIFTX
    public static final int TRACE
    public static final int NEW_GAME_LAYOUT
    public static final int RESULTS_LAYOUT
    public static final int MAX_FIG
    public static final int MAX_COLOR
    public static final int MAX_PACE
    public static final java.lang.String LOG_TAG
    public static final int SENSIBILITY
    public static final java.lang.String DATABASE_NAME
    public static final java.lang.String NAME_COLUMN
    public static final java.lang.String SCORE_COLUMN
    public static final int N_BEST
    public static final java.lang.String PROPERTIES
    public static final java.lang.String BACK
    public static final java.lang.String COMPLEX_NUMB
    public static final java.lang.String COMPLEX_PACE
    public static final java.lang.String COMPLEXITY
    public static final int DEFAULT_COMPLEX_NUMB
    public static final int DEFAULT_COMPLEX_COLOR
    public static final int DEFAULT_COMPLEX_PACE
    public static final int DEFAULT_BACK
    public static final java.lang.String SETTINGS
    public static final java.lang.String ABOUT
    public static final int ABOUT_RULE
    public static final int ABOUT_APP
    8:8:public Const()
com.example.tetris.DBHelper:
    private static final int DATABASE_VERSION
com.example.tetris.GameActivity:
    private static final int RIGHT_MOTION
    private static final int LEFT_MOTION
    private static final int DOWN_MOTION
    private static final int NOTHING
com.example.tetris.GameProperties:
    20:21:public void setType(int)
    28:29:public void setBack(int)
    36:37:public void setComplex(com.example.tetris.GameProperties$Complex)
com.example.tetris.MyFigures:
    35:35:public int getMovingStep()
    57:57:public static com.example.tetris.MyFigures newFigure()
com.example.tetris.R
com.example.tetris.R$array
com.example.tetris.R$attr
com.example.tetris.R$color
com.example.tetris.R$dimen
com.example.tetris.R$drawable
com.example.tetris.R$id
com.example.tetris.R$layout
com.example.tetris.R$menu
com.example.tetris.R$string
com.example.tetris.R$style
com.example.tetris.R$styleable
com.example.tetris.RecyclerAdapter:
    private static final int CONTENT_SECT_VIEW
    private static final int CONTENT_VIEW
    private static final int TEXT_VIEW
com.example.tetris.RecyclerAdapter$ViewHolder:
    78:79:public void setViewtype(int)
com.example.tetris.SettingsActivity:
    private static final int REQUEST_BACK_CODE
    private static final int REQUEST_COMPLEX_CODE
com.example.tetris.awry.F_I_extended
com.example.tetris.standart.DrawingStandart:
    108:138:public void drawGameOver()
...
android.support.v7.util.TileList
android.support.v7.util.TileList$Tile
android.support.v7.widget.AdapterHelper:
    static final int POSITION_TYPE_INVISIBLE
    static final int POSITION_TYPE_NEW_OR_LAID_OUT
    private static final boolean DEBUG
    private static final java.lang.String TAG
    83:84:varargs android.support.v7.widget.AdapterHelper addUpdateOp(android.support.v7.widget.AdapterHelper$UpdateOp[])
    505:507:boolean onItemRangeChanged(int,int,java.lang.Object)
    514:516:boolean onItemRangeInserted(int,int)
    523:525:boolean onItemRangeRemoved(int,int)
    532:540:boolean onItemRangeMoved(int,int,int)
android.support.v7.widget.AdapterHelper$UpdateOp:
    static final int ADD
    static final int REMOVE
    static final int UPDATE
    static final int MOVE
    static final int POOL_SIZE
android.support.v7.widget.ChildHelper:
    private static final boolean DEBUG
    private static final java.lang.String TAG
android.support.v7.widget.ChildHelper$Bucket:
    static final int BITS_PER_WORD
    static final long LAST_BIT
android.support.v7.widget.DefaultItemAnimator:
    private static final boolean DEBUG
android.support.v7.widget.GridLayoutManager
android.support.v7.widget.GridLayoutManager$DefaultSpanSizeLookup
android.support.v7.widget.GridLayoutManager$LayoutParams
android.support.v7.widget.GridLayoutManager$SpanSizeLookup
android.support.v7.widget.LayoutState
android.support.v7.widget.LinearLayoutManager:
    private static final java.lang.String TAG
    private static final boolean DEBUG
    public static final int HORIZONTAL
    public static final int VERTICAL
    public static final int INVALID_OFFSET
    private static final float MAX_SCROLL_FACTOR
    95:173:public LinearLayoutManager(android.content.Context,android.util.AttributeSet,int,int)
    192:192:public boolean getRecycleChildrenOnDetach()
    209:210:public void setRecycleChildrenOnDetach(boolean)
    292:298:public void setStackFromEnd(boolean)
    301:301:public boolean getStackFromEnd()
    311:311:public int getOrientation()
    354:354:public boolean getReverseLayout()
    424:434:public void smoothScrollToPosition(android.support.v7.widget.RecyclerView,android.support.v7.widget.RecyclerView$State,int)
    437:445:public android.graphics.PointF computeScrollVectorForPosition(int)
    988:994:public void scrollToPositionWithOffset(int,int)
    1102:1103:public void setSmoothScrollbarEnabled(boolean)
    1113:1113:public boolean isSmoothScrollbarEnabled()
    1643:1644:public int findFirstCompletelyVisibleItemPosition()
    1683:1684:public int findLastCompletelyVisibleItemPosition()
    1762:1769:private void logChildren()
    1782:1819:void validateChildOrder()
    1831:1858:public void prepareForDrop(android.view.View,android.view.View,int,int)
android.support.v7.widget.LinearLayoutManager$1
android.support.v7.widget.LinearLayoutManager$LayoutState:
    static final java.lang.String TAG
    static final int LAYOUT_START
    static final int LAYOUT_END
    static final int INVALID_LAYOUT
    static final int ITEM_DIRECTION_HEAD
    static final int ITEM_DIRECTION_TAIL
    static final int SCOLLING_OFFSET_NaN
    2033:2035:void log()
android.support.v7.widget.LinearSmoothScroller
android.support.v7.widget.OrientationHelper:
    private static final int INVALID_SIZE
    public static final int HORIZONTAL
    public static final int VERTICAL
    public abstract void offsetChild(android.view.View,int)
android.support.v7.widget.OrientationHelper$1:
    253:254:public void offsetChild(android.view.View,int)
android.support.v7.widget.OrientationHelper$2:
    329:330:public void offsetChild(android.view.View,int)
android.support.v7.widget.PositionMap
android.support.v7.widget.PositionMap$ContainerHelpers